TN:
SF:./build/dist/client/scripts/app.min-e5507738.js
FN:6,(anonymous_1)
FN:6,r
FN:6,o
FN:6,h
FN:6,(anonymous_5)
FN:6,r
FN:6,(anonymous_7)
FN:6,(anonymous_8)
FN:6,r
FN:6,o
FN:6,h
FN:6,(anonymous_12)
FN:6,r
FN:6,(anonymous_14)
FN:6,(anonymous_15)
FN:6,(anonymous_16)
FN:6,(anonymous_17)
FN:6,(anonymous_18)
FN:6,(anonymous_19)
FN:6,(anonymous_20)
FN:6,(anonymous_21)
FN:6,(anonymous_22)
FN:6,(anonymous_23)
FN:6,(anonymous_24)
FN:6,(anonymous_25)
FNF:25
FNH:6
FNDA:1,(anonymous_1)
FNDA:1,r
FNDA:1,o
FNDA:1,h
FNDA:0,(anonymous_5)
FNDA:0,r
FNDA:1,(anonymous_7)
FNDA:0,(anonymous_8)
FNDA:0,r
FNDA:0,o
FNDA:0,h
FNDA:0,(anonymous_12)
FNDA:0,r
FNDA:1,(anonymous_14)
FNDA:0,(anonymous_15)
FNDA:0,(anonymous_16)
FNDA:0,(anonymous_17)
FNDA:0,(anonymous_18)
FNDA:0,(anonymous_19)
FNDA:0,(anonymous_20)
FNDA:0,(anonymous_21)
FNDA:0,(anonymous_22)
FNDA:0,(anonymous_23)
FNDA:0,(anonymous_24)
FNDA:0,(anonymous_25)
DA:6,1
LF:1
LH:1
BRDA:6,1,0,1
BRDA:6,1,1,0
BRDA:6,2,0,1
BRDA:6,2,1,0
BRDA:6,2,2,0
BRDA:6,3,0,1
BRDA:6,3,1,0
BRDA:6,4,0,1
BRDA:6,4,1,1
BRDA:6,4,2,0
BRDA:6,5,0,1
BRDA:6,5,1,0
BRDA:6,5,2,0
BRDA:6,6,0,1
BRDA:6,6,1,0
BRDA:6,7,0,1
BRDA:6,7,1,1
BRDA:6,7,2,0
BRDA:6,8,0,1
BRDA:6,8,1,0
BRDA:6,8,2,0
BRDA:6,9,0,1
BRDA:6,9,1,0
BRDA:6,10,0,1
BRDA:6,10,1,1
BRDA:6,10,2,0
BRDA:6,11,0,1
BRDA:6,11,1,1
BRDA:6,11,2,0
BRDA:6,12,0,0
BRDA:6,12,1,0
BRDA:6,12,2,0
BRDA:6,13,0,0
BRDA:6,13,1,0
BRDA:6,13,2,0
BRDA:6,14,0,0
BRDA:6,14,1,0
BRDA:6,14,2,0
BRDA:6,15,0,0
BRDA:6,15,1,0
BRDA:6,16,0,0
BRDA:6,16,1,0
BRDA:6,16,2,0
BRDA:6,17,0,1
BRDA:6,17,1,0
BRDA:6,18,0,0
BRDA:6,18,1,0
BRDA:6,18,2,0
BRDA:6,19,0,0
BRDA:6,19,1,0
BRDA:6,20,0,0
BRDA:6,20,1,0
BRDA:6,20,2,0
BRDA:6,21,0,0
BRDA:6,21,1,0
BRDA:6,22,0,0
BRDA:6,22,1,0
BRDA:6,22,2,0
BRDA:6,23,0,0
BRDA:6,23,1,0
BRDA:6,24,0,0
BRDA:6,24,1,0
BRDA:6,24,2,0
BRDA:6,25,0,0
BRDA:6,25,1,0
BRDA:6,25,2,0
BRDA:6,26,0,0
BRDA:6,26,1,0
BRDA:6,27,0,0
BRDA:6,27,1,0
BRDA:6,28,0,0
BRDA:6,28,1,0
BRDA:6,29,0,0
BRDA:6,29,1,0
BRDA:6,30,0,0
BRDA:6,30,1,0
BRDA:6,30,2,0
BRDA:6,31,0,0
BRDA:6,31,1,0
BRDA:6,32,0,0
BRDA:6,32,1,0
BRDA:6,33,0,0
BRDA:6,33,1,0
BRDA:6,34,0,0
BRDA:6,34,1,0
BRF:85
BRH:16
end_of_record
