<?xml version="1.0"?>
<testsuites>
  <testsuite name="Firefox 19.0.0 (Linux)" package="unit" timestamp="2014-06-01T17:08:37" id="0" hostname="testing-worker-linux-8-2-12586-linux-6-26516583" tests="2" errors="0" failures="0" time="0">
    <properties>
      <property name="browser.fullName" value="Mozilla/5.0 (X11; Linux x86_64; rv:19.0) Gecko/20100101 Firefox/19.0"/>
    </properties>
    <testcase name="one should equal one" time="0" classname="unit Firefox 19.0.0 (Linux)."/>
    <testcase name="two should equal two" time="0" classname="unit Firefox 19.0.0 (Linux)."/>
    <system-out><![CDATA[Firefox 19.0.0 (Linux) LOG: DEBUG
 'DEBUG: -------------------------------',Firefox 19.0.0 (Linux) LOG: DEBUG
 'DEBUG: Ember      : 1.5.1',Firefox 19.0.0 (Linux) LOG: DEBUG
 'DEBUG: Handlebars : 1.3.0',Firefox 19.0.0 (Linux) LOG: DEBUG
 'DEBUG: jQuery     : 2.1.0',Firefox 19.0.0 (Linux) LOG: DEBUG
 'DEBUG: -------------------------------',Firefox 19.0.0 (Linux) LOG: INFO
 'Rendering application with default view <(subclass of Ember.View):ember218>', Object{fullName: 'view:application'},Firefox 19.0.0 (Linux) LOG: INFO
 'Rendering index with default view <Ember._MetamorphView:ember234>', Object{fullName: 'view:index'},Firefox 19.0.0 (Linux) LOG: LOG
 'Transitioned into 'index'',Firefox 19.0.0 (Linux) LOG: DEBUG
 'DEBUG: For more advanced debugging, install the Ember Inspector from https://addons.mozilla.org/en-US/firefox/addon/ember-inspector/'
]]></system-out>
    <system-err/>
  </testsuite>
</testsuites>
