<?xml version="1.0"?>
<testsuites>
  <testsuite name="Firefox 29.0.0 (Mac OS X 10.9)" package="unit" timestamp="2014-05-24T14:16:17" id="0" hostname="Martins-MacBook-Pro.local" tests="2" errors="0" failures="0" time="0.002">
    <properties>
      <property name="browser.fullName" value="Mozilla/5.0 (Macintosh; Intel Mac OS X 10.9; rv:29.0) Gecko/20100101 Firefox/29.0"/>
    </properties>
    <testcase name="one should equal one" time="0.001" classname="unit Firefox 29.0.0 (Mac OS X 10.9)."/>
    <testcase name="two should equal two" time="0.001" classname="unit Firefox 29.0.0 (Mac OS X 10.9)."/>
    <system-out><![CDATA[Firefox 29.0.0 (Mac OS X 10.9) LOG: DEBUG
 'DEBUG: -------------------------------',Firefox 29.0.0 (Mac OS X 10.9) LOG: DEBUG
 'DEBUG: Ember      : 1.5.1',Firefox 29.0.0 (Mac OS X 10.9) LOG: DEBUG
 'DEBUG: Handlebars : 1.3.0',Firefox 29.0.0 (Mac OS X 10.9) LOG: DEBUG
 'DEBUG: jQuery     : 2.1.0',Firefox 29.0.0 (Mac OS X 10.9) LOG: DEBUG
 'DEBUG: -------------------------------',Firefox 29.0.0 (Mac OS X 10.9) LOG: DEBUG
 'DEBUG: For more advanced debugging, install the Ember Inspector from https://addons.mozilla.org/en-US/firefox/addon/ember-inspector/'
]]></system-out>
    <system-err/>
  </testsuite>
</testsuites>
